<?xml version="1.0" encoding="UTF-8"?>
<!-- Generated by org.testng.reporters.JUnitXMLReporter -->
<testsuite hostname="DESKTOP-1RO7FF0" ignored="0" name="Test" tests="6" failures="0" timestamp="2020-11-14T15:59:45 IST" time="0.086" errors="0">
  <testcase name="browserautomation" time="0.011" classname="qaclickacademy.SeleniumTest"/>
  <testcase name="elementsui" time="0.001" classname="qaclickacademy.SeleniumTest"/>
  <testcase name="postjera" time="0.001" classname="qaclickacademy.RESTAPITest"/>
  <testcase name="twitter" time="0.0" classname="qaclickacademy.RESTAPITest"/>
  <testcase name="androidapps" time="0.001" classname="qaclickacademy.AppiumTest"/>
  <testcase name="iosapps" time="0.001" classname="qaclickacademy.AppiumTest"/>
</testsuite> <!-- Test -->
